<?xml version="1.0" encoding="utf-8"?><testsuites name="pytest tests"><testsuite name="pytest" errors="0" failures="0" skipped="0" tests="25" time="10.903" timestamp="2026-02-14T22:47:47.874959+00:00" hostname="agent-env-4614b00f-7403-4d64-a72c-9a306bac03d8"><testcase classname="tests.test_api.TestAPIRoot" name="test_api_root" time="0.202" /><testcase classname="tests.test_api.TestAPIRoot" name="test_branches_endpoint" time="0.122" /><testcase classname="tests.test_api.TestAuthRegister" name="test_register_success" time="0.473" /><testcase classname="tests.test_api.TestAuthRegister" name="test_register_duplicate_email" time="0.613" /><testcase classname="tests.test_api.TestAuthRegister" name="test_register_password_too_short" time="0.121" /><testcase classname="tests.test_api.TestAuthRegister" name="test_register_password_no_uppercase" time="0.124" /><testcase classname="tests.test_api.TestAuthRegister" name="test_register_password_no_lowercase" time="0.137" /><testcase classname="tests.test_api.TestAuthRegister" name="test_register_password_no_special_char" time="0.216" /><testcase classname="tests.test_api.TestAuthRegister" name="test_register_invalid_branch" time="0.173" /><testcase classname="tests.test_api.TestAuthLogin" name="test_login_admin_success" time="0.395" /><testcase classname="tests.test_api.TestAuthLogin" name="test_login_invalid_password" time="0.385" /><testcase classname="tests.test_api.TestAuthLogin" name="test_login_nonexistent_user" time="0.117" /><testcase classname="tests.test_api.TestAuthMe" name="test_me_without_token" time="0.130" /><testcase classname="tests.test_api.TestAuthMe" name="test_me_with_token" time="0.570" /><testcase classname="tests.test_api.TestAdminAnalytics" name="test_analytics_unauthorized" time="0.144" /><testcase classname="tests.test_api.TestAdminAnalytics" name="test_analytics_with_admin" time="0.537" /><testcase classname="tests.test_api.TestAdminUsers" name="test_list_users" time="0.874" /><testcase classname="tests.test_api.TestAdminUsers" name="test_filter_users_by_branch" time="0.953" /><testcase classname="tests.test_api.TestAdminUsers" name="test_filter_users_by_role" time="0.576" /><testcase classname="tests.test_api.TestAdminUsers" name="test_add_credit_to_user" time="0.910" /><testcase classname="tests.test_api.TestAdminCases" name="test_list_all_cases" time="0.512" /><testcase classname="tests.test_api.TestAdminCases" name="test_filter_cases_by_branch" time="0.983" /><testcase classname="tests.test_api.TestUserCases" name="test_user_get_own_cases" time="0.536" /><testcase classname="tests.test_api.TestWarrantyRules" name="test_get_warranty_rules" time="0.119" /><testcase classname="tests.test_api.TestWarrantyRules" name="test_create_warranty_rule" time="0.788" /></testsuite></testsuites>