<?xml version="1.0" encoding="utf-8"?><testsuites name="pytest tests"><testsuite name="pytest" errors="0" failures="4" skipped="0" tests="21" time="17.049" timestamp="2026-02-14T23:33:42.438235+00:00" hostname="agent-env-86df5be8-8914-4ac4-afb2-68e750f562ef"><testcase classname="backend.tests.test_new_features.TestSiteSettings" name="test_get_site_settings_public" time="1.570" /><testcase classname="backend.tests.test_new_features.TestSiteSettings" name="test_get_site_settings_structure" time="0.146" /><testcase classname="backend.tests.test_new_features.TestSiteSettings" name="test_update_site_settings_unauthorized" time="0.164" /><testcase classname="backend.tests.test_new_features.TestSiteSettings" name="test_update_site_settings_general" time="0.769" /><testcase classname="backend.tests.test_new_features.TestSiteSettings" name="test_update_site_settings_seo" time="1.192"><failure message="assert 520 == 200&#10; +  where 520 = &lt;Response [520]&gt;.status_code">backend/tests/test_new_features.py:91: in test_update_site_settings_seo
    assert response.status_code == 200
E   assert 520 == 200
E    +  where 520 = &lt;Response [520]&gt;.status_code</failure></testcase><testcase classname="backend.tests.test_new_features.TestSiteSettings" name="test_update_site_settings_analytics" time="0.699"><failure message="assert 520 == 200&#10; +  where 520 = &lt;Response [520]&gt;.status_code">backend/tests/test_new_features.py:104: in test_update_site_settings_analytics
    assert response.status_code == 200
E   assert 520 == 200
E    +  where 520 = &lt;Response [520]&gt;.status_code</failure></testcase><testcase classname="backend.tests.test_new_features.TestSiteSettings" name="test_update_site_settings_contact" time="0.888"><failure message="assert 520 == 200&#10; +  where 520 = &lt;Response [520]&gt;.status_code">backend/tests/test_new_features.py:117: in test_update_site_settings_contact
    assert response.status_code == 200
E   assert 520 == 200
E    +  where 520 = &lt;Response [520]&gt;.status_code</failure></testcase><testcase classname="backend.tests.test_new_features.TestSiteSettings" name="test_update_site_settings_footer" time="1.377"><failure message="assert 520 == 200&#10; +  where 520 = &lt;Response [520]&gt;.status_code">backend/tests/test_new_features.py:128: in test_update_site_settings_footer
    assert response.status_code == 200
E   assert 520 == 200
E    +  where 520 = &lt;Response [520]&gt;.status_code</failure></testcase><testcase classname="backend.tests.test_new_features.TestWarrantyRulesNew" name="test_get_warranty_rules" time="0.179" /><testcase classname="backend.tests.test_new_features.TestWarrantyRulesNew" name="test_get_active_rules_only" time="0.128" /><testcase classname="backend.tests.test_new_features.TestWarrantyRulesNew" name="test_create_warranty_rule_manual" time="0.752" /><testcase classname="backend.tests.test_new_features.TestWarrantyRulesNew" name="test_toggle_rule_active" time="0.939" /><testcase classname="backend.tests.test_new_features.TestWarrantyRulesNew" name="test_delete_warranty_rule" time="0.824" /><testcase classname="backend.tests.test_new_features.TestWarrantyRulesNew" name="test_upload_pdf_endpoint_exists" time="0.539" /><testcase classname="backend.tests.test_new_features.TestWarrantyRulesNew" name="test_upload_pdf_requires_pdf_file" time="0.820" /><testcase classname="backend.tests.test_new_features.TestAdminCasesArchive" name="test_get_all_cases" time="0.637" /><testcase classname="backend.tests.test_new_features.TestAdminCasesArchive" name="test_filter_cases_by_archived" time="0.938" /><testcase classname="backend.tests.test_new_features.TestAdminCasesArchive" name="test_archive_endpoint_exists" time="1.809" /><testcase classname="backend.tests.test_new_features.TestAdminCasesArchive" name="test_delete_case_endpoint_exists" time="0.577" /><testcase classname="backend.tests.test_new_features.TestPricingPage" name="test_pricing_page_accessible" time="0.174" /><testcase classname="backend.tests.test_new_features.TestLanguageSwitcher" name="test_site_settings_language_field" time="0.109" /></testsuite></testsuites>