<?xml version="1.0" encoding="utf-8"?><testsuites name="pytest tests"><testsuite name="pytest" errors="0" failures="1" skipped="0" tests="11" time="15.216" timestamp="2026-02-15T00:04:15.784458+00:00" hostname="agent-env-86df5be8-8914-4ac4-afb2-68e750f562ef"><testcase classname="tests.test_email_settings.TestEmailSettingsEndpoints" name="test_get_email_settings_without_auth" time="2.430"><failure message="AssertionError: Should require authentication&#10;assert 403 == 401&#10; +  where 403 = &lt;Response [403]&gt;.status_code">tests/test_email_settings.py:44: in test_get_email_settings_without_auth
    assert response.status_code == 401, "Should require authentication"
E   AssertionError: Should require authentication
E   assert 403 == 401
E    +  where 403 = &lt;Response [403]&gt;.status_code</failure></testcase><testcase classname="tests.test_email_settings.TestEmailSettingsEndpoints" name="test_get_email_settings_with_auth" time="0.573" /><testcase classname="tests.test_email_settings.TestEmailSettingsEndpoints" name="test_update_email_settings" time="0.417" /><testcase classname="tests.test_email_settings.TestEmailSettingsEndpoints" name="test_smtp_connection_test_endpoint" time="9.997" /><testcase classname="tests.test_email_settings.TestEmailSettingsEndpoints" name="test_update_smtp_password" time="0.349" /><testcase classname="tests.test_email_settings.TestAdminMenuRegressions" name="test_admin_dashboard_works" time="0.167" /><testcase classname="tests.test_email_settings.TestAdminMenuRegressions" name="test_admin_users_works" time="0.137" /><testcase classname="tests.test_email_settings.TestAdminMenuRegressions" name="test_admin_cases_works" time="0.129" /><testcase classname="tests.test_email_settings.TestAdminMenuRegressions" name="test_api_settings_works" time="0.202" /><testcase classname="tests.test_email_settings.TestAdminMenuRegressions" name="test_site_settings_works" time="0.336" /><testcase classname="tests.test_email_settings.TestAdminMenuRegressions" name="test_warranty_rules_works" time="0.125" /></testsuite></testsuites>