<?xml version="1.0" encoding="utf-8"?><testsuites name="pytest tests"><testsuite name="pytest" errors="0" failures="0" skipped="0" tests="21" time="13.233" timestamp="2026-02-14T23:34:41.226703+00:00" hostname="agent-env-86df5be8-8914-4ac4-afb2-68e750f562ef"><testcase classname="backend.tests.test_new_features.TestSiteSettings" name="test_get_site_settings_public" time="0.164" /><testcase classname="backend.tests.test_new_features.TestSiteSettings" name="test_get_site_settings_structure" time="0.124" /><testcase classname="backend.tests.test_new_features.TestSiteSettings" name="test_update_site_settings_unauthorized" time="0.119" /><testcase classname="backend.tests.test_new_features.TestSiteSettings" name="test_update_site_settings_general" time="0.659" /><testcase classname="backend.tests.test_new_features.TestSiteSettings" name="test_update_site_settings_seo" time="0.667" /><testcase classname="backend.tests.test_new_features.TestSiteSettings" name="test_update_site_settings_analytics" time="0.616" /><testcase classname="backend.tests.test_new_features.TestSiteSettings" name="test_update_site_settings_contact" time="0.639" /><testcase classname="backend.tests.test_new_features.TestSiteSettings" name="test_update_site_settings_footer" time="0.675" /><testcase classname="backend.tests.test_new_features.TestWarrantyRulesNew" name="test_get_warranty_rules" time="0.163" /><testcase classname="backend.tests.test_new_features.TestWarrantyRulesNew" name="test_get_active_rules_only" time="0.163" /><testcase classname="backend.tests.test_new_features.TestWarrantyRulesNew" name="test_create_warranty_rule_manual" time="0.682" /><testcase classname="backend.tests.test_new_features.TestWarrantyRulesNew" name="test_toggle_rule_active" time="2.448" /><testcase classname="backend.tests.test_new_features.TestWarrantyRulesNew" name="test_delete_warranty_rule" time="0.793" /><testcase classname="backend.tests.test_new_features.TestWarrantyRulesNew" name="test_upload_pdf_endpoint_exists" time="0.760" /><testcase classname="backend.tests.test_new_features.TestWarrantyRulesNew" name="test_upload_pdf_requires_pdf_file" time="1.213" /><testcase classname="backend.tests.test_new_features.TestAdminCasesArchive" name="test_get_all_cases" time="0.572" /><testcase classname="backend.tests.test_new_features.TestAdminCasesArchive" name="test_filter_cases_by_archived" time="1.227" /><testcase classname="backend.tests.test_new_features.TestAdminCasesArchive" name="test_archive_endpoint_exists" time="0.577" /><testcase classname="backend.tests.test_new_features.TestAdminCasesArchive" name="test_delete_case_endpoint_exists" time="0.518" /><testcase classname="backend.tests.test_new_features.TestPricingPage" name="test_pricing_page_accessible" time="0.118" /><testcase classname="backend.tests.test_new_features.TestLanguageSwitcher" name="test_site_settings_language_field" time="0.186" /></testsuite></testsuites>